0 info it worked if it ends with ok
1 verbose cli [ 'node', '/usr/local/bin/npm', 'install', 'wt-cli', '-g' ]
2 info using npm@2.11.3
3 info using node@v0.12.7
4 verbose install initial load of /usr/local/lib/package.json
5 verbose readDependencies loading dependencies from /usr/local/lib/package.json
6 silly cache add args [ 'wt-cli', null ]
7 verbose cache add spec wt-cli
8 silly cache add parsed spec { raw: 'wt-cli',
8 silly cache add   scope: null,
8 silly cache add   name: 'wt-cli',
8 silly cache add   rawSpec: '',
8 silly cache add   spec: '*',
8 silly cache add   type: 'range' }
9 silly addNamed wt-cli@*
10 verbose addNamed "*" is a valid semver range for wt-cli
11 silly addNameRange { name: 'wt-cli', range: '*', hasData: false }
12 silly mapToRegistry name wt-cli
13 silly mapToRegistry using default registry
14 silly mapToRegistry registry https://registry.npmjs.org/
15 silly mapToRegistry uri https://registry.npmjs.org/wt-cli
16 verbose addNameRange registry:https://registry.npmjs.org/wt-cli not in flight; fetching
17 verbose request uri https://registry.npmjs.org/wt-cli
18 verbose request no auth needed
19 info attempt registry request try #1 at 7:35:46 AM
20 verbose request id 32008d63e15e3ff7
21 verbose etag W/"581a0174-18380"
22 verbose lastModified Wed, 02 Nov 2016 15:08:36 GMT
23 http request GET https://registry.npmjs.org/wt-cli
24 http 304 https://registry.npmjs.org/wt-cli
25 silly get cb [ 304,
25 silly get   { date: 'Mon, 14 Nov 2016 15:35:47 GMT',
25 silly get     via: '1.1 varnish',
25 silly get     'cache-control': 'max-age=300',
25 silly get     etag: 'W/"581a0174-18380"',
25 silly get     age: '0',
25 silly get     connection: 'keep-alive',
25 silly get     'x-served-by': 'cache-sjc3122-SJC',
25 silly get     'x-cache': 'MISS',
25 silly get     'x-cache-hits': '0',
25 silly get     'x-timer': 'S1479137747.005681,VS0,VE32',
25 silly get     vary: 'Accept-Encoding' } ]
26 verbose etag https://registry.npmjs.org/wt-cli from cache
27 verbose get saving wt-cli to /Users/rohitgupta/.npm/registry.npmjs.org/wt-cli/.cache.json
28 silly addNameRange number 2 { name: 'wt-cli', range: '*', hasData: true }
29 silly addNameRange versions [ 'wt-cli',
29 silly addNameRange   [ '0.0.0',
29 silly addNameRange     '1.0.0',
29 silly addNameRange     '1.0.1',
29 silly addNameRange     '1.0.2',
29 silly addNameRange     '1.0.3',
29 silly addNameRange     '1.0.4',
29 silly addNameRange     '1.0.5',
29 silly addNameRange     '1.0.6',
29 silly addNameRange     '1.0.7',
29 silly addNameRange     '1.0.8',
29 silly addNameRange     '1.0.9',
29 silly addNameRange     '1.0.10',
29 silly addNameRange     '1.0.11',
29 silly addNameRange     '1.0.12',
29 silly addNameRange     '1.1.0',
29 silly addNameRange     '1.1.1',
29 silly addNameRange     '1.1.2',
29 silly addNameRange     '1.1.3',
29 silly addNameRange     '1.1.4',
29 silly addNameRange     '1.2.0',
29 silly addNameRange     '2.0.0-beta.0',
29 silly addNameRange     '2.0.0-beta.1',
29 silly addNameRange     '2.0.0-beta.2',
29 silly addNameRange     '2.0.0-beta.3',
29 silly addNameRange     '2.0.0-beta.4',
29 silly addNameRange     '2.0.0-beta.5',
29 silly addNameRange     '2.0.0',
29 silly addNameRange     '2.0.1',
29 silly addNameRange     '2.0.2',
29 silly addNameRange     '2.0.3',
29 silly addNameRange     '2.0.4',
29 silly addNameRange     '2.1.0',
29 silly addNameRange     '2.1.1',
29 silly addNameRange     '2.1.2',
29 silly addNameRange     '2.1.3',
29 silly addNameRange     '2.2.0',
29 silly addNameRange     '2.2.1',
29 silly addNameRange     '2.2.2',
29 silly addNameRange     '2.3.0',
29 silly addNameRange     '2.3.1',
29 silly addNameRange     '2.4.0',
29 silly addNameRange     '2.4.1',
29 silly addNameRange     '3.0.0',
29 silly addNameRange     '3.1.0',
29 silly addNameRange     '3.2.0',
29 silly addNameRange     '3.2.1',
29 silly addNameRange     '3.3.0',
29 silly addNameRange     '3.3.1',
29 silly addNameRange     '3.4.0',
29 silly addNameRange     '3.4.1',
29 silly addNameRange     '3.5.0',
29 silly addNameRange     '3.5.1',
29 silly addNameRange     '3.6.0',
29 silly addNameRange     '3.6.1',
29 silly addNameRange     '3.6.2' ] ]
30 silly addNamed wt-cli@3.6.2
31 verbose addNamed "3.6.2" is a plain semver version for wt-cli
32 silly cache afterAdd wt-cli@3.6.2
33 verbose afterAdd /Users/rohitgupta/.npm/wt-cli/3.6.2/package/package.json not in flight; writing
34 verbose afterAdd /Users/rohitgupta/.npm/wt-cli/3.6.2/package/package.json written
35 silly install resolved [ { name: 'wt-cli',
35 silly install resolved     author:
35 silly install resolved      { name: 'Geoff Goodman',
35 silly install resolved        email: 'geoff@auth0.com',
35 silly install resolved        url: 'https://github.com/ggoodman' },
35 silly install resolved     version: '3.6.2',
35 silly install resolved     description: 'Webtask Command Line Interface',
35 silly install resolved     tags: [ 'nodejs', 'webtask', 'auth0', 'nodejs', 'node' ],
35 silly install resolved     engines: { node: '>= 4.2.0' },
35 silly install resolved     licenses: [ [Object] ],
35 silly install resolved     scripts:
35 silly install resolved      { test: 'lab -v ./test/bin/',
35 silly install resolved        coverage: 'lab -v -r html -o coverage/index.html ./test/bin/' },
35 silly install resolved     dependencies:
35 silly install resolved      { bluebird: '^2.10.2',
35 silly install resolved        boom: '^2.8.0',
35 silly install resolved        bunyan: '^1.5.1',
35 silly install resolved        'bunyan-prettystream': '^0.1.3',
35 silly install resolved        chalk: '^1.1.1',
35 silly install resolved        'concat-stream': '^1.5.1',
35 silly install resolved        'cron-parser': '^0.6.3',
35 silly install resolved        debug: '^2.2.0',
35 silly install resolved        dotenv: '^1.2.0',
35 silly install resolved        filewatcher: '^3.0.0',
35 silly install resolved        jws: '^3.1.3',
35 silly install resolved        'jwt-decode': '^1.5.1',
35 silly install resolved        lodash: '^4.5.0',
35 silly install resolved        open: '0.0.5',
35 silly install resolved        pad: '^1.0.0',
35 silly install resolved        promptly: '^0.2.1',
35 silly install resolved        sandboxjs: '^3.1.0',
35 silly install resolved        'structured-cli': '^1.0.5',
35 silly install resolved        superagent: '^1.7.2',
35 silly install resolved        through2: '^2.0.1',
35 silly install resolved        'update-notifier': '^0.6.1',
35 silly install resolved        'webtask-bundle': '^2.1.1',
35 silly install resolved        'webtask-runtime': '^1.2.0',
35 silly install resolved        wreck: '^10.0.0' },
35 silly install resolved     bin: { wt: './bin/wt', 'wt-cli': './bin/wt' },
35 silly install resolved     homepage: 'http://github.com/auth0/wt-cli',
35 silly install resolved     repository:
35 silly install resolved      { type: 'git',
35 silly install resolved        url: 'git+ssh://git@github.com/auth0/wt-cli.git' },
35 silly install resolved     bugs: { url: 'http://github.com/auth0/wt-cli/issues' },
35 silly install resolved     devDependencies:
35 silly install resolved      { code: '^4.0.0',
35 silly install resolved        lab: '^11.1.0',
35 silly install resolved        mailinator: '^1.0.2',
35 silly install resolved        proxyquire: '^1.7.10',
35 silly install resolved        sinon: '^1.17.6' },
35 silly install resolved     gitHead: '5a5528fbc6557c07ef5ed9f7e3fddf32ba35cf85',
35 silly install resolved     _id: 'wt-cli@3.6.2',
35 silly install resolved     _shasum: 'af24fa942f044071aff2dc8e1e27d3c245f9fb6e',
35 silly install resolved     _from: 'wt-cli@*',
35 silly install resolved     _npmVersion: '4.0.1',
35 silly install resolved     _nodeVersion: '4.5.0',
35 silly install resolved     _npmUser: { name: 'callemo', email: 'carlos@quiklyn.com' },
35 silly install resolved     dist:
35 silly install resolved      { shasum: 'af24fa942f044071aff2dc8e1e27d3c245f9fb6e',
35 silly install resolved        tarball: 'https://registry.npmjs.org/wt-cli/-/wt-cli-3.6.2.tgz' },
35 silly install resolved     maintainers: [ [Object], [Object], [Object], [Object], [Object], [Object] ],
35 silly install resolved     _npmOperationalInternal:
35 silly install resolved      { host: 'packages-18-east.internal.npmjs.com',
35 silly install resolved        tmp: 'tmp/wt-cli-3.6.2.tgz_1478099315520_0.5201666252687573' },
35 silly install resolved     directories: {},
35 silly install resolved     _resolved: 'https://registry.npmjs.org/wt-cli/-/wt-cli-3.6.2.tgz',
35 silly install resolved     readme: 'ERROR: No README data found!' } ]
36 info install wt-cli@3.6.2 into /usr/local/lib
37 info installOne wt-cli@3.6.2
38 verbose installOne of wt-cli to /usr/local/lib not in flight; installing
39 verbose lock using /Users/rohitgupta/.npm/_locks/wt-cli-aabac1c191e2a84e.lock for /usr/local/lib/node_modules/wt-cli
40 warn engine wt-cli@3.6.2: wanted: {"node":">= 4.2.0"} (current: {"node":"0.12.7","npm":"2.11.3"})
41 silly install write writing wt-cli 3.6.2 to /usr/local/lib/node_modules/wt-cli
42 verbose unbuild lib/node_modules/wt-cli
43 info preuninstall wt-cli@3.6.2
44 info uninstall wt-cli@3.6.2
45 verbose unbuild rmStuff wt-cli@3.6.2 from /usr/local/lib/node_modules
46 silly gentlyRm /usr/local/bin/wt is being gently removed
47 silly gentlyRm verifying /usr/local is an npm working directory
48 silly gentlyRm /usr/local/bin/wt-cli is being gently removed
49 silly gentlyRm verifying /usr/local is an npm working directory
50 silly gentlyRm containing path /usr/local is under npm's control, in /usr/local
51 silly gentlyRm deletion target /usr/local/bin/wt is under /usr/local
52 verbose gentlyRm vacuuming from /usr/local/bin/wt up to /usr/local
53 silly gentlyRm containing path /usr/local is under npm's control, in /usr/local
54 silly gentlyRm deletion target /usr/local/bin/wt-cli is under /usr/local
55 verbose gentlyRm vacuuming from /usr/local/bin/wt-cli up to /usr/local
56 silly vacuum-fs removing /usr/local/bin/wt
57 silly vacuum-fs removing /usr/local/bin/wt-cli
58 silly vacuum-fs quitting because other entries in /usr/local/bin
59 silly vacuum-fs quitting because other entries in /usr/local/bin
60 info postuninstall wt-cli@3.6.2
61 silly gentlyRm /usr/local/lib/node_modules/wt-cli is being purged from base /usr/local
62 verbose gentlyRm don't care about contents; nuking /usr/local/lib/node_modules/wt-cli
63 silly vacuum-fs purging /usr/local/lib/node_modules/wt-cli
64 verbose unlock done using /Users/rohitgupta/.npm/_locks/wt-cli-aabac1c191e2a84e.lock for /usr/local/lib/node_modules/wt-cli
65 verbose stack Error: EACCES, rmdir '/usr/local/lib/node_modules/wt-cli'
65 verbose stack     at Error (native)
66 verbose cwd /Users/rohitgupta/Desktop/ChatBots/PlayBot
67 error Darwin 16.1.0
68 error argv "node" "/usr/local/bin/npm" "install" "wt-cli" "-g"
69 error node v0.12.7
70 error npm  v2.11.3
71 error path /usr/local/lib/node_modules/wt-cli
72 error code EACCES
73 error errno -13
74 error Error: EACCES, rmdir '/usr/local/lib/node_modules/wt-cli'
74 error     at Error (native)
74 error  { [Error: EACCES, rmdir '/usr/local/lib/node_modules/wt-cli']
74 error   errno: -13,
74 error   code: 'EACCES',
74 error   path: '/usr/local/lib/node_modules/wt-cli' }
75 error Please try running this command again as root/Administrator.
76 verbose exit [ -13, true ]
77 verbose unbuild lib/node_modules/wt-cli
78 info preuninstall wt-cli@3.6.2
79 info uninstall wt-cli@3.6.2
80 verbose unbuild rmStuff wt-cli@3.6.2 from /usr/local/lib/node_modules
81 silly gentlyRm /usr/local/bin/wt is being gently removed
82 silly gentlyRm verifying /usr/local is an npm working directory
83 silly gentlyRm /usr/local/bin/wt-cli is being gently removed
84 silly gentlyRm verifying /usr/local is an npm working directory
85 silly gentlyRm containing path /usr/local is under npm's control, in /usr/local
86 silly gentlyRm deletion target /usr/local/bin/wt is under /usr/local
87 verbose gentlyRm vacuuming from /usr/local/bin/wt up to /usr/local
88 silly gentlyRm containing path /usr/local is under npm's control, in /usr/local
89 silly gentlyRm deletion target /usr/local/bin/wt-cli is under /usr/local
90 verbose gentlyRm vacuuming from /usr/local/bin/wt-cli up to /usr/local
91 info postuninstall wt-cli@3.6.2
92 silly gentlyRm /usr/local/lib/node_modules/wt-cli is being purged from base /usr/local
93 verbose gentlyRm don't care about contents; nuking /usr/local/lib/node_modules/wt-cli
94 silly vacuum-fs purging /usr/local/lib/node_modules/wt-cli
95 error error rolling back Error: EACCES, rmdir '/usr/local/lib/node_modules/wt-cli'
95 error error rolling back     at Error (native)
95 error error rolling back  { [Error: EACCES, rmdir '/usr/local/lib/node_modules/wt-cli']
95 error error rolling back   errno: -13,
95 error error rolling back   code: 'EACCES',
95 error error rolling back   path: '/usr/local/lib/node_modules/wt-cli' }
